<?xml version="1.0" encoding="UTF-8"?>
<!-- Generated by org.testng.reporters.JUnitXMLReporter -->
<testsuite ignored="0" hostname="DESKTOP-OVC9B5E" failures="1" tests="7" name="Run on Firefox" time="138.114" errors="0" timestamp="10 May 2022 15:31:34 GMT">
  <testcase classname="com.techpanda.cart.TC_02_Add_Product_From_Product_List" name="TC_01_Verify_Adding_One_Product" time="5.213"/>
  <testcase classname="com.techpanda.cart.TC_02_Add_Product_From_Product_List" name="TC_02_Compare_Product_Price_In_List_And_ShoppingCart" time="5.205"/>
  <testcase classname="com.techpanda.cart.TC_02_Add_Product_From_Product_List" name="TC_03_Verify_Product_Quantity" time="4.81"/>
  <testcase classname="com.techpanda.cart.TC_02_Add_Product_From_Product_List" name="TC_04_Verify_Adding_Multi_Products" time="11.037"/>
  <testcase classname="com.techpanda.cart.TC_02_Add_Product_From_Product_List" name="TC_05_Verify_Product_Total_Price" time="8.763"/>
  <testcase classname="com.techpanda.cart.TC_02_Add_Product_From_Product_List" name="TC_06_Verify_Cart_Grandtotal_Price" time="13.707">
    <failure type="java.lang.AssertionError" message="expected [1315.0] but found [1249.25]">
      <![CDATA[java.lang.AssertionError: expected [1315.0] but found [1249.25]
at com.techpanda.cart.TC_02_Add_Product_From_Product_List.TC_06_Verify_Cart_Grandtotal_Price(TC_02_Add_Product_From_Product_List.java:201)
at java.base/java.util.concurrent.FutureTask.run(FutureTask.java:264)
at java.base/java.util.concurrent.ThreadPoolExecutor.runWorker(ThreadPoolExecutor.java:1136)
at java.base/java.util.concurrent.ThreadPoolExecutor$Worker.run(ThreadPoolExecutor.java:635)
at java.base/java.lang.Thread.run(Thread.java:833)
... Removed 21 stack frames]]>
    </failure>
  </testcase> <!-- TC_06_Verify_Cart_Grandtotal_Price -->
  <testcase classname="com.techpanda.cart.TC_02_Add_Product_From_Product_List" name="TC_07_Verify_Cart_Subtotal_Price" time="7.978"/>
</testsuite> <!-- Run on Firefox -->
