<?xml version="1.0" encoding="UTF-8"?>
<!-- Generated by org.testng.reporters.JUnitReportReporter -->
<testsuite hostname="DESKTOP-OVC9B5E" failures="3" tests="21" name="com.techpanda.cart.TC_02_Add_Product_From_Product_List" time="331.926" errors="0" timestamp="10 May 2022 15:33:28 GMT" skipped="0">
  <testcase classname="com.techpanda.cart.TC_02_Add_Product_From_Product_List" name="TC_02_Compare_Product_Price_In_List_And_ShoppingCart" time="8.844"/>
  <testcase classname="com.techpanda.cart.TC_02_Add_Product_From_Product_List" name="TC_05_Verify_Product_Total_Price" time="27.971"/>
  <testcase classname="com.techpanda.cart.TC_02_Add_Product_From_Product_List" name="TC_05_Verify_Product_Total_Price" time="11.395"/>
  <testcase classname="com.techpanda.cart.TC_02_Add_Product_From_Product_List" name="TC_01_Verify_Adding_One_Product" time="13.860"/>
  <testcase classname="com.techpanda.cart.TC_02_Add_Product_From_Product_List" name="TC_04_Verify_Adding_Multi_Products" time="29.730"/>
  <testcase classname="com.techpanda.cart.TC_02_Add_Product_From_Product_List" name="TC_05_Verify_Product_Total_Price" time="16.787"/>
  <testcase classname="com.techpanda.cart.TC_02_Add_Product_From_Product_List" name="TC_07_Verify_Cart_Subtotal_Price" time="11.790"/>
  <testcase classname="com.techpanda.cart.TC_02_Add_Product_From_Product_List" name="TC_06_Verify_Cart_Grandtotal_Price" time="16.847">
    <failure message="expected [1315.0] but found [1249.25]" type="java.lang.AssertionError">
      <![CDATA[java.lang.AssertionError: expected [1315.0] but found [1249.25]
at org.testng.Assert.fail(Assert.java:96)
at org.testng.Assert.failNotEquals(Assert.java:776)
at org.testng.Assert.assertEqualsImpl(Assert.java:137)
at org.testng.Assert.assertEquals(Assert.java:118)
at org.testng.Assert.assertEquals(Assert.java:442)
at com.techpanda.cart.TC_02_Add_Product_From_Product_List.TC_06_Verify_Cart_Grandtotal_Price(TC_02_Add_Product_From_Product_List.java:201)
at java.base/jdk.internal.reflect.NativeMethodAccessorImpl.invoke0(Native Method)
at java.base/jdk.internal.reflect.NativeMethodAccessorImpl.invoke(NativeMethodAccessorImpl.java:77)
at java.base/jdk.internal.reflect.DelegatingMethodAccessorImpl.invoke(DelegatingMethodAccessorImpl.java:43)
at java.base/java.lang.reflect.Method.invoke(Method.java:568)
at org.testng.internal.MethodInvocationHelper.invokeMethod(MethodInvocationHelper.java:124)
at org.testng.internal.Invoker.invokeMethod(Invoker.java:583)
at org.testng.internal.Invoker.invokeTestMethod(Invoker.java:719)
at org.testng.internal.Invoker.invokeTestMethods(Invoker.java:989)
at org.testng.internal.TestMethodWorker.invokeTestMethods(TestMethodWorker.java:125)
at org.testng.internal.TestMethodWorker.run(TestMethodWorker.java:109)
at org.testng.TestRunner.privateRun(TestRunner.java:648)
at org.testng.TestRunner.run(TestRunner.java:505)
at org.testng.SuiteRunner.runTest(SuiteRunner.java:455)
at org.testng.SuiteRunner.access$000(SuiteRunner.java:40)
at org.testng.SuiteRunner$SuiteWorker.run(SuiteRunner.java:489)
at org.testng.internal.thread.ThreadUtil$1.call(ThreadUtil.java:52)
at java.base/java.util.concurrent.FutureTask.run(FutureTask.java:264)
at java.base/java.util.concurrent.ThreadPoolExecutor.runWorker(ThreadPoolExecutor.java:1136)
at java.base/java.util.concurrent.ThreadPoolExecutor$Worker.run(ThreadPoolExecutor.java:635)
at java.base/java.lang.Thread.run(Thread.java:833)
]]>
    </failure>
  </testcase> <!-- TC_06_Verify_Cart_Grandtotal_Price -->
  <testcase classname="com.techpanda.cart.TC_02_Add_Product_From_Product_List" name="TC_04_Verify_Adding_Multi_Products" time="32.213"/>
  <testcase classname="com.techpanda.cart.TC_02_Add_Product_From_Product_List" name="TC_07_Verify_Cart_Subtotal_Price" time="11.837"/>
  <testcase classname="com.techpanda.cart.TC_02_Add_Product_From_Product_List" name="TC_02_Compare_Product_Price_In_List_And_ShoppingCart" time="9.276"/>
  <testcase classname="com.techpanda.cart.TC_02_Add_Product_From_Product_List" name="TC_04_Verify_Adding_Multi_Products" time="13.785"/>
  <testcase classname="com.techpanda.cart.TC_02_Add_Product_From_Product_List" name="TC_07_Verify_Cart_Subtotal_Price" time="30.989"/>
  <testcase classname="com.techpanda.cart.TC_02_Add_Product_From_Product_List" name="TC_03_Verify_Product_Quantity" time="9.282"/>
  <testcase classname="com.techpanda.cart.TC_02_Add_Product_From_Product_List" name="TC_01_Verify_Adding_One_Product" time="8.892"/>
  <testcase classname="com.techpanda.cart.TC_02_Add_Product_From_Product_List" name="TC_06_Verify_Cart_Grandtotal_Price" time="16.125">
    <failure message="expected [1315.0] but found [1249.25]" type="java.lang.AssertionError">
      <![CDATA[java.lang.AssertionError: expected [1315.0] but found [1249.25]
at org.testng.Assert.fail(Assert.java:96)
at org.testng.Assert.failNotEquals(Assert.java:776)
at org.testng.Assert.assertEqualsImpl(Assert.java:137)
at org.testng.Assert.assertEquals(Assert.java:118)
at org.testng.Assert.assertEquals(Assert.java:442)
at com.techpanda.cart.TC_02_Add_Product_From_Product_List.TC_06_Verify_Cart_Grandtotal_Price(TC_02_Add_Product_From_Product_List.java:201)
at java.base/jdk.internal.reflect.NativeMethodAccessorImpl.invoke0(Native Method)
at java.base/jdk.internal.reflect.NativeMethodAccessorImpl.invoke(NativeMethodAccessorImpl.java:77)
at java.base/jdk.internal.reflect.DelegatingMethodAccessorImpl.invoke(DelegatingMethodAccessorImpl.java:43)
at java.base/java.lang.reflect.Method.invoke(Method.java:568)
at org.testng.internal.MethodInvocationHelper.invokeMethod(MethodInvocationHelper.java:124)
at org.testng.internal.Invoker.invokeMethod(Invoker.java:583)
at org.testng.internal.Invoker.invokeTestMethod(Invoker.java:719)
at org.testng.internal.Invoker.invokeTestMethods(Invoker.java:989)
at org.testng.internal.TestMethodWorker.invokeTestMethods(TestMethodWorker.java:125)
at org.testng.internal.TestMethodWorker.run(TestMethodWorker.java:109)
at org.testng.TestRunner.privateRun(TestRunner.java:648)
at org.testng.TestRunner.run(TestRunner.java:505)
at org.testng.SuiteRunner.runTest(SuiteRunner.java:455)
at org.testng.SuiteRunner.access$000(SuiteRunner.java:40)
at org.testng.SuiteRunner$SuiteWorker.run(SuiteRunner.java:489)
at org.testng.internal.thread.ThreadUtil$1.call(ThreadUtil.java:52)
at java.base/java.util.concurrent.FutureTask.run(FutureTask.java:264)
at java.base/java.util.concurrent.ThreadPoolExecutor.runWorker(ThreadPoolExecutor.java:1136)
at java.base/java.util.concurrent.ThreadPoolExecutor$Worker.run(ThreadPoolExecutor.java:635)
at java.base/java.lang.Thread.run(Thread.java:833)
]]>
    </failure>
  </testcase> <!-- TC_06_Verify_Cart_Grandtotal_Price -->
  <testcase classname="com.techpanda.cart.TC_02_Add_Product_From_Product_List" name="TC_03_Verify_Product_Quantity" time="8.775"/>
  <testcase classname="com.techpanda.cart.TC_02_Add_Product_From_Product_List" name="TC_02_Compare_Product_Price_In_List_And_ShoppingCart" time="11.699"/>
  <testcase classname="com.techpanda.cart.TC_02_Add_Product_From_Product_List" name="TC_03_Verify_Product_Quantity" time="12.280"/>
  <testcase classname="com.techpanda.cart.TC_02_Add_Product_From_Product_List" name="TC_01_Verify_Adding_One_Product" time="9.271"/>
  <testcase classname="com.techpanda.cart.TC_02_Add_Product_From_Product_List" name="TC_06_Verify_Cart_Grandtotal_Price" time="20.278">
    <failure message="expected [1315.0] but found [1249.25]" type="java.lang.AssertionError">
      <![CDATA[java.lang.AssertionError: expected [1315.0] but found [1249.25]
at org.testng.Assert.fail(Assert.java:96)
at org.testng.Assert.failNotEquals(Assert.java:776)
at org.testng.Assert.assertEqualsImpl(Assert.java:137)
at org.testng.Assert.assertEquals(Assert.java:118)
at org.testng.Assert.assertEquals(Assert.java:442)
at com.techpanda.cart.TC_02_Add_Product_From_Product_List.TC_06_Verify_Cart_Grandtotal_Price(TC_02_Add_Product_From_Product_List.java:201)
at java.base/jdk.internal.reflect.NativeMethodAccessorImpl.invoke0(Native Method)
at java.base/jdk.internal.reflect.NativeMethodAccessorImpl.invoke(NativeMethodAccessorImpl.java:77)
at java.base/jdk.internal.reflect.DelegatingMethodAccessorImpl.invoke(DelegatingMethodAccessorImpl.java:43)
at java.base/java.lang.reflect.Method.invoke(Method.java:568)
at org.testng.internal.MethodInvocationHelper.invokeMethod(MethodInvocationHelper.java:124)
at org.testng.internal.Invoker.invokeMethod(Invoker.java:583)
at org.testng.internal.Invoker.invokeTestMethod(Invoker.java:719)
at org.testng.internal.Invoker.invokeTestMethods(Invoker.java:989)
at org.testng.internal.TestMethodWorker.invokeTestMethods(TestMethodWorker.java:125)
at org.testng.internal.TestMethodWorker.run(TestMethodWorker.java:109)
at org.testng.TestRunner.privateRun(TestRunner.java:648)
at org.testng.TestRunner.run(TestRunner.java:505)
at org.testng.SuiteRunner.runTest(SuiteRunner.java:455)
at org.testng.SuiteRunner.access$000(SuiteRunner.java:40)
at org.testng.SuiteRunner$SuiteWorker.run(SuiteRunner.java:489)
at org.testng.internal.thread.ThreadUtil$1.call(ThreadUtil.java:52)
at java.base/java.util.concurrent.FutureTask.run(FutureTask.java:264)
at java.base/java.util.concurrent.ThreadPoolExecutor.runWorker(ThreadPoolExecutor.java:1136)
at java.base/java.util.concurrent.ThreadPoolExecutor$Worker.run(ThreadPoolExecutor.java:635)
at java.base/java.lang.Thread.run(Thread.java:833)
]]>
    </failure>
  </testcase> <!-- TC_06_Verify_Cart_Grandtotal_Price -->
</testsuite> <!-- com.techpanda.cart.TC_02_Add_Product_From_Product_List -->
